c:\users\gagge\downloads\777bypass\777bypass\output\trash\vc143.pdb
c:\users\gagge\downloads\777bypass\777bypass\output\trash\menu.obj
c:\users\gagge\downloads\777bypass\777bypass\output\trash\main.obj
c:\users\gagge\downloads\777bypass\777bypass\output\trash\vector.obj
c:\users\gagge\downloads\777bypass\777bypass\output\trash\imgui_widgets.obj
c:\users\gagge\downloads\777bypass\777bypass\output\trash\imgui_tables.obj
c:\users\gagge\downloads\777bypass\777bypass\output\trash\imgui_stdlib.obj
c:\users\gagge\downloads\777bypass\777bypass\output\trash\imgui_impl_win32.obj
c:\users\gagge\downloads\777bypass\777bypass\output\trash\imgui_impl_dx9.obj
c:\users\gagge\downloads\777bypass\777bypass\output\trash\imgui_freetype.obj
c:\users\gagge\downloads\777bypass\777bypass\output\trash\imgui_draw.obj
c:\users\gagge\downloads\777bypass\777bypass\output\trash\imgui_demo.obj
c:\users\gagge\downloads\777bypass\777bypass\output\trash\imgui_custom.obj
c:\users\gagge\downloads\777bypass\777bypass\output\trash\imgui.obj
c:\users\gagge\downloads\777bypass\777bypass\output\trash\design.pch
c:\users\gagge\downloads\777bypass\777bypass\output\trash\stdafx.obj
c:\users\gagge\downloads\777bypass\777bypass\output\release\design.exe
c:\users\gagge\downloads\777bypass\777bypass\output\release\design.pdb
c:\users\gagge\downloads\777bypass\777bypass\output\trash\design.ipdb
c:\users\gagge\downloads\777bypass\777bypass\output\trash\design.iobj
c:\users\gagge\downloads\777bypass\777bypass\output\trash\design.tlog\cl.command.1.tlog
c:\users\gagge\downloads\777bypass\777bypass\output\trash\design.tlog\cl.items.tlog
c:\users\gagge\downloads\777bypass\777bypass\output\trash\design.tlog\cl.read.1.tlog
c:\users\gagge\downloads\777bypass\777bypass\output\trash\design.tlog\cl.write.1.tlog
c:\users\gagge\downloads\777bypass\777bypass\output\trash\design.tlog\link.command.1.tlog
c:\users\gagge\downloads\777bypass\777bypass\output\trash\design.tlog\link.read.1.tlog
c:\users\gagge\downloads\777bypass\777bypass\output\trash\design.tlog\link.secondary.1.tlog
c:\users\gagge\downloads\777bypass\777bypass\output\trash\design.tlog\link.write.1.tlog
